<?xml version="1.0" encoding="UTF-8"?>
<!-- Generated by org.testng.reporters.JUnitXMLReporter -->
<testsuite hostname="ShreeHari" ignored="2" name="Smoke" tests="3" failures="0" timestamp="2022-05-12T09:33:48 BST" time="23.234" errors="0">
  <testcase name="bankManagerShouldOpenAccountSuccessfully" time="1.89" classname="com.bank.testsuite.BankTest"/>
  <testcase name="customerShouldLoginAndLogoutSuccessfully" time="2.804" classname="com.bank.testsuite.BankTest"/>
  <testcase name="customerShouldDepositMoneySuccessfully" time="1.704" classname="com.bank.testsuite.BankTest"/>
  <testcase name="bankManagerShouldAddCustomerSuccessfully" time="0.0" classname="com.bank.testsuite.BankTest">
    <ignored/>
  </testcase> <!-- bankManagerShouldAddCustomerSuccessfully -->
  <testcase name="customerShouldWithdrawMoneySuccessfully" time="0.0" classname="com.bank.testsuite.BankTest">
    <ignored/>
  </testcase> <!-- customerShouldWithdrawMoneySuccessfully -->
</testsuite> <!-- Smoke -->
