<?xml version="1.0" encoding="UTF-8"?>
<!-- Generated by org.testng.reporters.JUnitXMLReporter -->
<testsuite hostname="ShreeHari" ignored="0" name="Bank Test" tests="5" failures="0" timestamp="2022-05-12T09:29:56 BST" time="32.171" errors="0">
  <testcase name="bankManagerShouldAddCustomerSuccessfully" time="1.646" classname="com.bank.testsuite.BankTest"/>
  <testcase name="bankManagerShouldOpenAccountSuccessfully" time="1.522" classname="com.bank.testsuite.BankTest"/>
  <testcase name="customerShouldLoginAndLogoutSuccessfully" time="1.65" classname="com.bank.testsuite.BankTest"/>
  <testcase name="customerShouldDepositMoneySuccessfully" time="1.865" classname="com.bank.testsuite.BankTest"/>
  <testcase name="customerShouldWithdrawMoneySuccessfully" time="4.264" classname="com.bank.testsuite.BankTest"/>
</testsuite> <!-- Bank Test -->
