<?xml version="1.0" encoding="UTF-8"?>
<!-- Generated by org.testng.reporters.JUnitXMLReporter -->
<testsuite hostname="ShreeHari" ignored="0" name="Regression" tests="5" failures="0" timestamp="2022-05-12T09:31:28 BST" time="31.191" errors="0">
  <testcase name="bankManagerShouldAddCustomerSuccessfully" time="1.772" classname="com.bank.testsuite.BankTest"/>
  <testcase name="bankManagerShouldOpenAccountSuccessfully" time="1.545" classname="com.bank.testsuite.BankTest"/>
  <testcase name="customerShouldLoginAndLogoutSuccessfully" time="1.63" classname="com.bank.testsuite.BankTest"/>
  <testcase name="customerShouldDepositMoneySuccessfully" time="1.654" classname="com.bank.testsuite.BankTest"/>
  <testcase name="customerShouldWithdrawMoneySuccessfully" time="3.77" classname="com.bank.testsuite.BankTest"/>
</testsuite> <!-- Regression -->
